<?xml version="1.0" encoding="UTF-8"?>
<!-- Generated by org.testng.reporters.JUnitReportReporter -->
<testsuite skipped="0" hostname="NDI-LAP-591" name="sheinTest.HomeTest" tests="1" failures="0" timestamp="31 May 2019 11:12:17 GMT" time="13.138" errors="0">
  <testcase name="verifyHomePageDetails" time="13.138" classname="sheinTest.HomeTest"/>
</testsuite> <!-- sheinTest.HomeTest -->
