<?xml version="1.0" encoding="UTF-8"?>
<!-- Generated by org.testng.reporters.JUnitReportReporter -->
<testsuite skipped="0" hostname="NDI-LAP-591" name="sheinTest.SearrchresultTest" tests="2" failures="0" timestamp="31 May 2019 11:12:17 GMT" time="12.793" errors="0">
  <testcase name="verifyItemSearched" time="6.405" classname="sheinTest.SearrchresultTest"/>
  <testcase name="verifyItemSearched" time="6.388" classname="sheinTest.SearrchresultTest"/>
</testsuite> <!-- sheinTest.SearrchresultTest -->
