<?xml version="1.0" encoding="UTF-8"?>
<!-- Generated by org.testng.reporters.JUnitReportReporter -->
<testsuite skipped="0" hostname="NDI-LAP-591" name="sheinTest.LoginTest" tests="1" failures="0" timestamp="31 May 2019 11:12:17 GMT" time="11.994" errors="0">
  <testcase name="verifyValidLogin" time="11.994" classname="sheinTest.LoginTest"/>
</testsuite> <!-- sheinTest.LoginTest -->
