<?xml version="1.0" encoding="UTF-8"?>
<!-- Generated by org.testng.reporters.JUnitReportReporter -->
<testsuite skipped="0" hostname="NDI-LAP-591" name="sheinTest.CartTest" tests="5" failures="0" timestamp="31 May 2019 11:12:17 GMT" time="88.755" errors="0">
  <testcase name="verifyItemIsRemoved" time="16.943" classname="sheinTest.CartTest"/>
  <testcase name="verifyItemAddedToCart" time="19.743" classname="sheinTest.CartTest"/>
  <testcase name="verifyItemAddedToCart" time="21.303" classname="sheinTest.CartTest"/>
  <testcase name="verifyItemIsRemoved" time="16.289" classname="sheinTest.CartTest"/>
  <testcase name="verifyCartIsEmpty" time="14.477" classname="sheinTest.CartTest"/>
</testsuite> <!-- sheinTest.CartTest -->
